Processing 8 files
Start Processing: ru/alfomine/afmsm/AFMSpaceUnionMod.java
New Key: class net/minecraftforge/fml/common/Mod
New Key: class net/minecraftforge/fml/common/Mod
New Key: class net/minecraftforge/fml/common/gameevent/InputEvent
Rename method net/minecraft/client/settings/KeyBinding/getKeyCode ()I[1553,1563]::getKeyCode->func_151463_i
Import: micdoodle8.mods.galacticraft.api.client.tabs.TabRegistry
Import: net.minecraftforge.client.event.RenderGameOverlayEvent
Import: net.minecraftforge.common.MinecraftForge
Import: net.minecraftforge.fml.common.Mod
Import: net.minecraftforge.fml.common.event.FMLPostInitializationEvent
Import: net.minecraftforge.fml.common.eventhandler.SubscribeEvent
Import: net.minecraftforge.fml.common.gameevent.InputEvent
Import: net.minecraftforge.fml.common.gameevent.InputEvent.KeyInputEvent
Import: org.lwjgl.input.Keyboard
Import: ru.alfomine.afmsm.gui.GuiPlanetSelection
Import: ru.alfomine.afmsm.keybinds.KeyBindDebug
Import: ru.alfomine.afmsm.keybinds.KeyBindMinigame
Import: ru.alfomine.afmsm.keybinds.KeyBinder
Import: ru.alfomine.afmsm.keybinds.KeyBinder.KeyBind
End  Processing: ru/alfomine/afmsm/AFMSpaceUnionMod.java

Start Processing: ru/alfomine/afmsm/MenuPlanet.java
FOUND CONSTR method ru/alfomine/afmsm/MenuPlanet/MenuPlanet (Ljava/lang/String;)V ru/alfomine/afmsm/MenuPlanet
Import: cr0s.warpdrive.data.CelestialObject
Import: cr0s.warpdrive.data.CelestialObjectManager
Import: micdoodle8.mods.galacticraft.api.world.IGalacticraftWorldProvider
Import: net.minecraft.block.Block
Import: net.minecraft.block.state.IBlockState
Import: net.minecraft.client.Minecraft
Import: net.minecraft.client.renderer.BlockRendererDispatcher
Import: net.minecraft.client.renderer.block.model.BakedQuad
Import: net.minecraft.client.renderer.block.model.IBakedModel
Import: net.minecraft.client.renderer.texture.TextureAtlasSprite
Import: net.minecraft.init.Blocks
Import: net.minecraft.item.Item
Import: net.minecraft.util.EnumFacing
Import: net.minecraft.util.ResourceLocation
Import: net.minecraft.world.WorldProvider
Import: net.minecraftforge.common.DimensionManager
Import: net.minecraftforge.fml.common.registry.GameRegistry
End  Processing: ru/alfomine/afmsm/MenuPlanet.java

Start Processing: ru/alfomine/afmsm/gui/CustomGui.java
Rename method net/minecraft/client/renderer/Tessellator/getInstance ()Lnet/minecraft/client/renderer/Tessellator;[825,836]::getInstance->func_178181_a
Rename method net/minecraft/client/renderer/Tessellator/getBuffer ()Lnet/minecraft/client/renderer/BufferBuilder;[887,896]::getBuffer->func_178180_c
Rename method net/minecraft/client/renderer/BufferBuilder/begin (ILnet/minecraft/client/renderer/vertex/VertexFormat;)V[921,926]::begin->func_181668_a
Rename field net/minecraft/client/renderer/vertex/DefaultVertexFormats/POSITION_TEX[971,983]::POSITION_TEX->field_181707_g
Rename method net/minecraft/client/renderer/BufferBuilder/pos (DDD)Lnet/minecraft/client/renderer/BufferBuilder;[1048,1051]::pos->func_181662_b
Rename field net/minecraft/client/gui/Gui/zLevel[1082,1088]::zLevel->field_73735_i
Rename method net/minecraft/client/renderer/BufferBuilder/tex (DD)Lnet/minecraft/client/renderer/BufferBuilder;[1097,1100]::tex->func_187315_a
Rename method net/minecraft/client/renderer/BufferBuilder/endVertex ()V[1160,1169]::endVertex->func_181675_d
Rename method net/minecraft/client/renderer/BufferBuilder/pos (DDD)Lnet/minecraft/client/renderer/BufferBuilder;[1194,1197]::pos->func_181662_b
Rename field net/minecraft/client/gui/Gui/zLevel[1236,1242]::zLevel->field_73735_i
Rename method net/minecraft/client/renderer/BufferBuilder/tex (DD)Lnet/minecraft/client/renderer/BufferBuilder;[1251,1254]::tex->func_187315_a
Rename method net/minecraft/client/renderer/BufferBuilder/endVertex ()V[1314,1323]::endVertex->func_181675_d
Rename method net/minecraft/client/renderer/BufferBuilder/pos (DDD)Lnet/minecraft/client/renderer/BufferBuilder;[1348,1351]::pos->func_181662_b
Rename field net/minecraft/client/gui/Gui/zLevel[1381,1387]::zLevel->field_73735_i
Rename method net/minecraft/client/renderer/BufferBuilder/tex (DD)Lnet/minecraft/client/renderer/BufferBuilder;[1396,1399]::tex->func_187315_a
Rename method net/minecraft/client/renderer/BufferBuilder/endVertex ()V[1459,1468]::endVertex->func_181675_d
Rename method net/minecraft/client/renderer/BufferBuilder/pos (DDD)Lnet/minecraft/client/renderer/BufferBuilder;[1493,1496]::pos->func_181662_b
Rename field net/minecraft/client/gui/Gui/zLevel[1518,1524]::zLevel->field_73735_i
Rename method net/minecraft/client/renderer/BufferBuilder/tex (DD)Lnet/minecraft/client/renderer/BufferBuilder;[1533,1536]::tex->func_187315_a
Rename method net/minecraft/client/renderer/BufferBuilder/endVertex ()V[1596,1605]::endVertex->func_181675_d
Rename method net/minecraft/client/renderer/Tessellator/draw ()V[1628,1632]::draw->func_78381_a
Import: net.minecraft.client.Minecraft
Import: net.minecraft.client.gui.Gui
Import: net.minecraft.client.gui.GuiScreen
Import: net.minecraft.client.renderer.BufferBuilder
Import: net.minecraft.client.renderer.Tessellator
Import: net.minecraft.client.renderer.vertex.DefaultVertexFormats
Import: net.minecraft.util.ResourceLocation
Import: org.lwjgl.opengl.GL11
End  Processing: ru/alfomine/afmsm/gui/CustomGui.java

Start Processing: ru/alfomine/afmsm/gui/GuiMinigame.java
Rename method net/minecraft/client/gui/GuiScreen/initGui ()V[774,781]::initGui->func_73866_w_
Rename method net/minecraft/client/gui/GuiScreen/initGui ()V[801,808]::initGui->func_73866_w_
Rename field net/minecraft/client/gui/GuiScreen/buttonList[830,840]::buttonList->field_146292_n
Rename method net/minecraft/client/gui/GuiScreen/drawScreen (IIF)V[933,943]::drawScreen->func_73863_a
Rename method net/minecraft/client/gui/GuiScreen/drawDefaultBackground ()V[1001,1022]::drawDefaultBackground->func_146276_q_
Rename method net/minecraft/client/gui/GuiScreen/drawScreen (IIF)V[1028,1038]::drawScreen->func_73863_a
Rename method net/minecraft/client/Minecraft/getMinecraft ()Lnet/minecraft/client/Minecraft;[1160,1172]::getMinecraft->func_71410_x
Rename method net/minecraft/client/gui/ScaledResolution/getScaledWidth ()I[1227,1241]::getScaledWidth->func_78326_a
Rename method net/minecraft/client/gui/ScaledResolution/getScaledHeight ()I[1289,1304]::getScaledHeight->func_78328_b
Rename field net/minecraft/client/gui/GuiScreen/mc[1315,1317]::mc->field_146297_k
Rename field net/minecraft/client/Minecraft/renderEngine[1330,1342]::renderEngine->field_71446_o
Rename method net/minecraft/client/renderer/texture/TextureManager/bindTexture (Lnet/minecraft/util/ResourceLocation;)V[1344,1355]::bindTexture->func_110577_a
Rename method net/minecraft/client/gui/GuiScreen/actionPerformed (Lnet/minecraft/client/gui/GuiButton;)V[1665,1680]::actionPerformed->func_146284_a
Rename field net/minecraft/client/gui/GuiButton/id[1732,1734]::id->field_146127_k
Rename field net/minecraft/client/gui/GuiScreen/selectedButton[1785,1799]::selectedButton->field_146290_a
Rename field net/minecraft/client/gui/GuiButton/enabled[1800,1807]::enabled->field_146124_l
Rename method net/minecraft/client/gui/GuiScreen/doesGuiPauseGame ()Z[1865,1881]::doesGuiPauseGame->func_73868_f
New Key: class net/minecraftforge/fml/common/gameevent/TickEvent
Import: net.minecraft.client.Minecraft
Import: net.minecraft.client.gui.Gui
Import: net.minecraft.client.gui.GuiButton
Import: net.minecraft.client.gui.GuiScreen
Import: net.minecraft.client.gui.ScaledResolution
Import: net.minecraft.client.renderer.GlStateManager
Import: net.minecraft.util.ResourceLocation
Import: net.minecraftforge.fml.common.eventhandler.SubscribeEvent
Import: net.minecraftforge.fml.common.gameevent.TickEvent
Import: org.lwjgl.input.Mouse
Adding 2 imports
        java.io.IOException
        javax.vecmath.Vector2d
End  Processing: ru/alfomine/afmsm/gui/GuiMinigame.java

Start Processing: ru/alfomine/afmsm/gui/GuiPlanetSelection.java
FOUND CONSTR method ru/alfomine/afmsm/gui/GuiPlanetSelection/GuiPlanetSelection (Ljava/util/List;)V ru/alfomine/afmsm/gui/GuiPlanetSelection
Rename method net/minecraft/client/gui/GuiScreen/initGui ()V[767,774]::initGui->func_73866_w_
Rename method net/minecraft/client/gui/GuiScreen/initGui ()V[794,801]::initGui->func_73866_w_
Rename method net/minecraft/client/gui/GuiScreen/drawScreen (IIF)V[866,876]::drawScreen->func_73863_a
Rename method net/minecraft/client/Minecraft/getMinecraft ()Lnet/minecraft/client/Minecraft;[1372,1384]::getMinecraft->func_71410_x
Rename method net/minecraft/client/gui/ScaledResolution/getScaledWidth ()I[1461,1475]::getScaledWidth->func_78326_a
Rename field net/minecraft/client/gui/GuiScreen/mc[1492,1494]::mc->field_146297_k
Rename field net/minecraft/client/Minecraft/renderEngine[1507,1519]::renderEngine->field_71446_o
Rename method net/minecraft/client/renderer/texture/TextureManager/bindTexture (Lnet/minecraft/util/ResourceLocation;)V[1521,1532]::bindTexture->func_110577_a
Rename method net/minecraft/client/gui/Gui/drawString (Lnet/minecraft/client/gui/FontRenderer;Ljava/lang/String;III)V[1720,1730]::drawString->func_73731_b
Rename field net/minecraft/client/gui/GuiScreen/fontRenderer[1733,1745]::fontRenderer->field_146289_q
Rename method net/minecraft/client/gui/GuiScreen/drawScreen (IIF)V[1809,1819]::drawScreen->func_73863_a
Rename method net/minecraft/client/gui/GuiScreen/doesGuiPauseGame ()Z[1889,1905]::doesGuiPauseGame->func_73868_f
Rename method net/minecraft/client/gui/GuiScreen/onGuiClosed ()V[1955,1966]::onGuiClosed->func_146281_b
Rename method net/minecraft/client/gui/GuiScreen/onGuiClosed ()V[1982,1993]::onGuiClosed->func_146281_b
Import: net.minecraft.client.Minecraft
Import: net.minecraft.client.gui.GuiScreen
Import: net.minecraft.client.gui.ScaledResolution
Import: net.minecraft.client.renderer.texture.ITextureObject
Import: net.minecraft.client.renderer.texture.SimpleTexture
Import: net.minecraft.client.renderer.texture.TextureManager
Import: net.minecraft.util.ResourceLocation
Import: org.lwjgl.input.Mouse
Import: ru.alfomine.afmsm.MenuPlanet
Adding 1 imports
        java.util.List
End  Processing: ru/alfomine/afmsm/gui/GuiPlanetSelection.java

Start Processing: ru/alfomine/afmsm/keybinds/KeyBindDebug.java
Rename method net/minecraft/client/Minecraft/getMinecraft ()Lnet/minecraft/client/Minecraft;[725,737]::getMinecraft->func_71410_x
Rename method net/minecraft/client/Minecraft/displayGuiScreen (Lnet/minecraft/client/gui/GuiScreen;)V[740,756]::displayGuiScreen->func_147108_a
Import: net.minecraft.client.Minecraft
Import: net.minecraft.client.resources.I18n
Import: net.minecraft.client.settings.KeyBinding
Import: net.minecraftforge.fml.common.gameevent.InputEvent.KeyInputEvent
Import: org.lwjgl.input.Keyboard
Import: ru.alfomine.afmsm.MenuPlanet
Import: ru.alfomine.afmsm.gui.GuiMinigame
Import: ru.alfomine.afmsm.gui.GuiPlanetSelection
Import: ru.alfomine.afmsm.keybinds.KeyBinder.KeyBind
Adding 1 imports
        java.util.ArrayList
End  Processing: ru/alfomine/afmsm/keybinds/KeyBindDebug.java

Start Processing: ru/alfomine/afmsm/keybinds/KeyBindMinigame.java
Rename method net/minecraft/client/Minecraft/getMinecraft ()Lnet/minecraft/client/Minecraft;[595,607]::getMinecraft->func_71410_x
Rename method net/minecraft/client/Minecraft/displayGuiScreen (Lnet/minecraft/client/gui/GuiScreen;)V[610,626]::displayGuiScreen->func_147108_a
Import: net.minecraft.client.Minecraft
Import: net.minecraft.client.settings.KeyBinding
Import: net.minecraftforge.common.MinecraftForge
Import: net.minecraftforge.fml.common.gameevent.InputEvent.KeyInputEvent
Import: org.lwjgl.input.Keyboard
Import: ru.alfomine.afmsm.gui.CustomGui
Import: ru.alfomine.afmsm.gui.GuiMinigame
Import: ru.alfomine.afmsm.keybinds.KeyBinder.KeyBind
End  Processing: ru/alfomine/afmsm/keybinds/KeyBindMinigame.java

Start Processing: ru/alfomine/afmsm/keybinds/KeyBinder.java
New Key: class net/minecraftforge/fml/common/gameevent/InputEvent
Import: net.minecraft.client.settings.KeyBinding
Import: net.minecraftforge.fml.client.registry.ClientRegistry
Import: net.minecraftforge.fml.common.gameevent.InputEvent
Adding 2 imports
        java.util.ArrayList
        java.util.List
End  Processing: ru/alfomine/afmsm/keybinds/KeyBinder.java

